d:\programming\david_liao_hw3b\scenegraph\debug\vc120.pdb
d:\programming\david_liao_hw3b\scenegraph\debug\vc120.idb
d:\programming\david_liao_hw3b\scenegraph\debug\easybmp.obj
d:\programming\david_liao_hw3b\scenegraph\debug\cylinder.obj
d:\programming\david_liao_hw3b\scenegraph\debug\geometry.obj
d:\programming\david_liao_hw3b\scenegraph\debug\main.obj
d:\programming\david_liao_hw3b\scenegraph\debug\sphere.obj
d:\programming\david_liao_hw3b\scenegraph\debug\camera.obj
d:\programming\david_liao_hw3b\scenegraph\debug\config.obj
d:\programming\david_liao_hw3b\scenegraph\debug\cube.obj
d:\programming\david_liao_hw3b\scenegraph\debug\mesh.obj
d:\programming\david_liao_hw3b\scenegraph\debug\scenegraph.obj
d:\programming\david_liao_hw3b\scenegraph\debug\tests.obj
d:\programming\david_liao_hw3b\scenegraph\debug\glew.obj
d:\programming\david_liao_hw3b\debug\scenegraph.ilk
d:\programming\david_liao_hw3b\debug\scenegraph.exe
d:\programming\david_liao_hw3b\debug\scenegraph.pdb
d:\programming\david_liao_hw3b\scenegraph\debug\scenegraph.tlog\cl.command.1.tlog
d:\programming\david_liao_hw3b\scenegraph\debug\scenegraph.tlog\cl.read.1.tlog
d:\programming\david_liao_hw3b\scenegraph\debug\scenegraph.tlog\cl.write.1.tlog
d:\programming\david_liao_hw3b\scenegraph\debug\scenegraph.tlog\link.command.1.tlog
d:\programming\david_liao_hw3b\scenegraph\debug\scenegraph.tlog\link.read.1.tlog
d:\programming\david_liao_hw3b\scenegraph\debug\scenegraph.tlog\link.write.1.tlog
