Build started 12/10/2014 11:19:34 PM.
     1>Project "D:\Programming\DAVID_LIAO_HW3b\SceneGraph\SceneGraph.vcxproj" on node 2 (Build target(s)).
     1>ClCompile:
         D:\Program Files\Visual Studio\VC\bin\CL.exe /c /I. /I..\include /I..\freeglut\include /ZI /nologo /W3 /WX- /Od /Oy- /D _MBCS /Gm /EHsc /RTC1 /MDd /GS /fp:precise /Zc:wchar_t /Zc:forScope /openmp /Fo"Debug\\" /Fd"Debug\vc120.pdb" /Gd /TP /analyze- /errorReport:prompt src/Cylinder.cpp src/Geometry.cpp src/Sphere.cpp src/main.cpp src\Cube.cpp src\Mesh.cpp src\SceneGraph.cpp src\tests.cpp
         SceneGraph.cpp
     1>d:\programming\david_liao_hw3b\scenegraph\src\scenegraph.h(81): warning C4018: '<' : signed/unsigned mismatch
     1>d:\programming\david_liao_hw3b\scenegraph\src\scenegraph.cpp(37): warning C4244: '=' : conversion from 'double' to 'float', possible loss of data
     1>d:\programming\david_liao_hw3b\scenegraph\src\scenegraph.cpp(43): warning C4244: '=' : conversion from 'double' to 'float', possible loss of data
     1>d:\programming\david_liao_hw3b\scenegraph\src\scenegraph.cpp(47): warning C4244: '=' : conversion from 'double' to 'float', possible loss of data
     1>d:\programming\david_liao_hw3b\scenegraph\src\scenegraph.cpp(50): warning C4244: '=' : conversion from 'double' to 'float', possible loss of data
     1>d:\programming\david_liao_hw3b\scenegraph\src\scenegraph.cpp(53): warning C4244: '=' : conversion from 'double' to 'float', possible loss of data
     1>d:\programming\david_liao_hw3b\scenegraph\src\scenegraph.cpp(56): warning C4244: '=' : conversion from 'double' to 'float', possible loss of data
     1>d:\programming\david_liao_hw3b\scenegraph\src\scenegraph.cpp(59): warning C4244: '=' : conversion from 'double' to 'int', possible loss of data
     1>d:\programming\david_liao_hw3b\scenegraph\src\scenegraph.cpp(63): warning C4244: 'argument' : conversion from 'int' to 'float', possible loss of data
     1>d:\programming\david_liao_hw3b\scenegraph\src\scenegraph.cpp(74): warning C4244: '=' : conversion from 'double' to 'float', possible loss of data
     1>d:\programming\david_liao_hw3b\scenegraph\src\scenegraph.cpp(79): warning C4244: '=' : conversion from 'double' to 'float', possible loss of data
     1>d:\programming\david_liao_hw3b\scenegraph\src\scenegraph.cpp(84): warning C4244: '=' : conversion from 'double' to 'float', possible loss of data
     1>d:\programming\david_liao_hw3b\scenegraph\src\scenegraph.cpp(89): warning C4244: '=' : conversion from 'double' to 'float', possible loss of data
     1>d:\programming\david_liao_hw3b\scenegraph\src\scenegraph.cpp(117): warning C4244: '=' : conversion from 'double' to 'float', possible loss of data
     1>d:\programming\david_liao_hw3b\scenegraph\src\scenegraph.cpp(122): warning C4244: '=' : conversion from 'double' to 'float', possible loss of data
     1>d:\programming\david_liao_hw3b\scenegraph\src\scenegraph.cpp(132): warning C4018: '<' : signed/unsigned mismatch
     1>d:\programming\david_liao_hw3b\scenegraph\src\scenegraph.cpp(147): warning C4018: '<' : signed/unsigned mismatch
     1>d:\programming\david_liao_hw3b\scenegraph\src\scenegraph.cpp(156): warning C4018: '<' : signed/unsigned mismatch
     1>d:\programming\david_liao_hw3b\scenegraph\src\scenegraph.cpp(159): warning C4018: '<' : signed/unsigned mismatch
         Cube.cpp
         main.cpp
     1>d:\programming\david_liao_hw3b\scenegraph\src\scenegraph.h(81): warning C4018: '<' : signed/unsigned mismatch
     1>d:\programming\david_liao_hw3b\scenegraph\src\kdtree.h(12): warning C4099: 'KDTree' : type name first seen using 'struct' now seen using 'class'
                 d:\programming\david_liao_hw3b\scenegraph\src\kdtree.h(10) : see declaration of 'KDTree'
     1>d:\programming\david_liao_hw3b\scenegraph\src\kdtree.h(31): warning C4018: '<' : signed/unsigned mismatch
     1>d:\programming\david_liao_hw3b\scenegraph\src\kdtree.h(58): warning C4244: 'initializing' : conversion from 'int' to 'float', possible loss of data
     1>d:\programming\david_liao_hw3b\scenegraph\src\kdtree.h(60): warning C4018: '<' : signed/unsigned mismatch
     1>d:\programming\david_liao_hw3b\scenegraph\src\kdtree.h(62): warning C4244: 'argument' : conversion from 'float' to 'unsigned int', possible loss of data
     1>d:\programming\david_liao_hw3b\scenegraph\src\kdtree.h(73): warning C4172: returning address of local variable or temporary
     1>d:\programming\david_liao_hw3b\scenegraph\src\kdtree.h(82): warning C4018: '<' : signed/unsigned mismatch
     1>d:\programming\david_liao_hw3b\scenegraph\src\kdtree.h(94): warning C4018: '>' : signed/unsigned mismatch
     1>d:\programming\david_liao_hw3b\scenegraph\src\main.cpp(110): warning C4244: 'initializing' : conversion from 'std::chrono::system_clock::rep' to 'unsigned int', possible loss of data
     1>d:\programming\david_liao_hw3b\scenegraph\src\main.cpp(126): warning C4244: '=' : conversion from 'float' to 'unsigned int', possible loss of data
     1>d:\programming\david_liao_hw3b\scenegraph\src\main.cpp(127): warning C4244: '=' : conversion from 'float' to 'unsigned int', possible loss of data
     1>d:\programming\david_liao_hw3b\scenegraph\src\main.cpp(256): warning C4018: '<' : signed/unsigned mismatch
     1>d:\programming\david_liao_hw3b\scenegraph\src\main.cpp(281): warning C4018: '<' : signed/unsigned mismatch
     1>d:\programming\david_liao_hw3b\scenegraph\src\main.cpp(314): warning C4018: '<' : signed/unsigned mismatch
     1>d:\programming\david_liao_hw3b\scenegraph\src\main.cpp(333): warning C4018: '<' : signed/unsigned mismatch
     1>d:\programming\david_liao_hw3b\scenegraph\src\main.cpp(405): warning C4305: 'initializing' : truncation from 'double' to 'float'
     1>d:\programming\david_liao_hw3b\scenegraph\src\main.cpp(421): warning C4244: 'argument' : conversion from 'float' to 'int', possible loss of data
     1>d:\programming\david_liao_hw3b\scenegraph\src\main.cpp(422): warning C4244: 'argument' : conversion from 'float' to 'int', possible loss of data
     1>d:\programming\david_liao_hw3b\scenegraph\src\main.cpp(423): warning C4244: 'argument' : conversion from 'float' to 'int', possible loss of data
     1>d:\programming\david_liao_hw3b\scenegraph\src\main.cpp(426): warning C4244: 'initializing' : conversion from 'float' to 'int', possible loss of data
     1>d:\programming\david_liao_hw3b\scenegraph\src\main.cpp(427): warning C4244: 'initializing' : conversion from 'float' to 'int', possible loss of data
     1>d:\programming\david_liao_hw3b\scenegraph\src\main.cpp(466): warning C4244: '=' : conversion from 'float' to 'ebmpBYTE', possible loss of data
     1>d:\programming\david_liao_hw3b\scenegraph\src\main.cpp(467): warning C4244: '=' : conversion from 'float' to 'ebmpBYTE', possible loss of data
     1>d:\programming\david_liao_hw3b\scenegraph\src\main.cpp(468): warning C4244: '=' : conversion from 'float' to 'ebmpBYTE', possible loss of data
     1>d:\programming\david_liao_hw3b\scenegraph\src\main.cpp(522): warning C4244: '=' : conversion from 'float' to 'ebmpBYTE', possible loss of data
     1>d:\programming\david_liao_hw3b\scenegraph\src\main.cpp(523): warning C4244: '=' : conversion from 'float' to 'ebmpBYTE', possible loss of data
     1>d:\programming\david_liao_hw3b\scenegraph\src\main.cpp(524): warning C4244: '=' : conversion from 'float' to 'ebmpBYTE', possible loss of data
     1>d:\programming\david_liao_hw3b\scenegraph\src\main.cpp(529): warning C4244: '=' : conversion from 'float' to 'ebmpBYTE', possible loss of data
     1>d:\programming\david_liao_hw3b\scenegraph\src\main.cpp(530): warning C4244: '=' : conversion from 'float' to 'ebmpBYTE', possible loss of data
     1>d:\programming\david_liao_hw3b\scenegraph\src\main.cpp(531): warning C4244: '=' : conversion from 'float' to 'ebmpBYTE', possible loss of data
     1>d:\programming\david_liao_hw3b\scenegraph\src\main.cpp(629): warning C4244: 'initializing' : conversion from 'double' to 'float', possible loss of data
     1>d:\programming\david_liao_hw3b\scenegraph\src\main.cpp(658): warning C4018: '<' : signed/unsigned mismatch
     1>d:\programming\david_liao_hw3b\scenegraph\src\main.cpp(668): warning C4018: '<' : signed/unsigned mismatch
     1>d:\programming\david_liao_hw3b\scenegraph\src\main.cpp(677): warning C4018: '<' : signed/unsigned mismatch
     1>d:\programming\david_liao_hw3b\scenegraph\src\main.cpp(820): warning C4018: '<' : signed/unsigned mismatch
     1>d:\programming\david_liao_hw3b\scenegraph\src\main.cpp(839): warning C4018: '<' : signed/unsigned mismatch
     1>d:\programming\david_liao_hw3b\scenegraph\src\main.cpp(865): warning C4018: '<' : signed/unsigned mismatch
     1>d:\programming\david_liao_hw3b\scenegraph\src\main.cpp(890): warning C4018: '<' : signed/unsigned mismatch
     1>d:\programming\david_liao_hw3b\scenegraph\src\main.cpp(974): warning C4244: 'argument' : conversion from 'float' to 'GLsizei', possible loss of data
         Generating Code...
         Compiling...
         Cylinder.cpp
     1>d:\programming\david_liao_hw3b\scenegraph\src\cylinder.cpp(123): warning C4305: 'initializing' : truncation from 'double' to 'float'
         Generating Code...
         Skipping... (no relevant changes detected)
         tests.cpp
         Mesh.cpp
         Sphere.cpp
         Geometry.cpp
       Link:
         D:\Program Files\Visual Studio\VC\bin\link.exe /ERRORREPORT:PROMPT /OUT:"D:\Programming\DAVID_LIAO_HW3b\Debug\SceneGraph.exe" /INCREMENTAL /NOLOGO /LIBPATH:. ../freeglut/lib/freeglut.lib kernel32.lib user32.lib gdi32.lib winspool.lib comdlg32.lib advapi32.lib shell32.lib ole32.lib oleaut32.lib uuid.lib odbc32.lib odbccp32.lib /MANIFEST /MANIFESTUAC:"level='asInvoker' uiAccess='false'" /manifest:embed /DEBUG /PDB:"D:\Programming\DAVID_LIAO_HW3b\Debug\SceneGraph.pdb" /SUBSYSTEM:CONSOLE /TLBID:1 /DYNAMICBASE /NXCOMPAT /IMPLIB:"D:\Programming\DAVID_LIAO_HW3b\Debug\SceneGraph.lib" /MACHINE:X86 Debug\EasyBMP.obj
         Debug\Cylinder.obj
         Debug\Geometry.obj
         Debug\main.obj
         Debug\Sphere.obj
         Debug\glew.obj
         Debug\Camera.obj
         Debug\Config.obj
         Debug\Cube.obj
         Debug\Mesh.obj
         Debug\SceneGraph.obj
         Debug\tests.obj
         SceneGraph.vcxproj -> D:\Programming\DAVID_LIAO_HW3b\Debug\SceneGraph.exe
     1>Done Building Project "D:\Programming\DAVID_LIAO_HW3b\SceneGraph\SceneGraph.vcxproj" (Build target(s)).

Build succeeded.

Time Elapsed 00:00:02.61
