d:\programming\david_liao_hw3b\scenegraph\release\vc120.pdb
d:\programming\david_liao_hw3b\scenegraph\release\tests.obj
d:\programming\david_liao_hw3b\scenegraph\release\scenegraph.obj
d:\programming\david_liao_hw3b\scenegraph\release\mesh.obj
d:\programming\david_liao_hw3b\scenegraph\release\cube.obj
d:\programming\david_liao_hw3b\scenegraph\release\config.obj
d:\programming\david_liao_hw3b\scenegraph\release\camera.obj
d:\programming\david_liao_hw3b\scenegraph\release\sphere.obj
d:\programming\david_liao_hw3b\scenegraph\release\main.obj
d:\programming\david_liao_hw3b\scenegraph\release\geometry.obj
d:\programming\david_liao_hw3b\scenegraph\release\cylinder.obj
d:\programming\david_liao_hw3b\scenegraph\release\easybmp.obj
d:\programming\david_liao_hw3b\scenegraph\release\glew.obj
d:\programming\david_liao_hw3b\release\scenegraph.exe
d:\programming\david_liao_hw3b\scenegraph\release\scenegraph.tlog\cl.command.1.tlog
d:\programming\david_liao_hw3b\scenegraph\release\scenegraph.tlog\cl.read.1.tlog
d:\programming\david_liao_hw3b\scenegraph\release\scenegraph.tlog\cl.write.1.tlog
d:\programming\david_liao_hw3b\scenegraph\release\scenegraph.tlog\link.command.1.tlog
d:\programming\david_liao_hw3b\scenegraph\release\scenegraph.tlog\link.read.1.tlog
d:\programming\david_liao_hw3b\scenegraph\release\scenegraph.tlog\link.write.1.tlog
